<?xml version="1.0" encoding="UTF-8"?>
<coverage generated="1775702681669" clover="3.2.0">
  <project timestamp="1775702681669" name="All files">
    <metrics statements="161" coveredstatements="158" conditionals="79" coveredconditionals="70" methods="32" coveredmethods="31" elements="272" coveredelements="259" complexity="0" loc="161" ncloc="161" packages="3" files="9" classes="9"/>
    <package name="lib">
      <metrics statements="138" coveredstatements="135" conditionals="51" coveredconditionals="47" methods="28" coveredmethods="27"/>
      <file name="calendar.ts" path="C:\Development\NUS-ISS\AI-SDLC-Workshop-Day1n2\lib\calendar.ts">
        <metrics statements="44" coveredstatements="43" conditionals="18" coveredconditionals="17" methods="9" coveredmethods="8"/>
        <line num="9" count="1" type="stmt"/>
        <line num="47" count="12" type="stmt"/>
        <line num="59" count="8" type="stmt"/>
        <line num="66" count="0" type="stmt"/>
        <line num="74" count="340" type="cond" truecount="2" falsecount="0"/>
        <line num="84" count="4" type="stmt"/>
        <line num="86" count="4" type="cond" truecount="2" falsecount="0"/>
        <line num="87" count="4" type="cond" truecount="2" falsecount="0"/>
        <line num="88" count="4" type="stmt"/>
        <line num="91" count="4" type="stmt"/>
        <line num="97" count="4" type="stmt"/>
        <line num="105" count="344" type="stmt"/>
        <line num="106" count="344" type="stmt"/>
        <line num="107" count="344" type="stmt"/>
        <line num="108" count="344" type="stmt"/>
        <line num="121" count="8" type="stmt"/>
        <line num="124" count="8" type="stmt"/>
        <line num="131" count="336" type="stmt"/>
        <line num="153" count="8" type="stmt"/>
        <line num="156" count="8" type="stmt"/>
        <line num="157" count="8" type="stmt"/>
        <line num="160" count="8" type="stmt"/>
        <line num="163" count="8" type="stmt"/>
        <line num="164" count="8" type="stmt"/>
        <line num="165" count="1" type="cond" truecount="1" falsecount="1"/>
        <line num="166" count="1" type="stmt"/>
        <line num="167" count="1" type="cond" truecount="2" falsecount="0"/>
        <line num="168" count="1" type="stmt"/>
        <line num="180" count="8" type="stmt"/>
        <line num="181" count="8" type="stmt"/>
        <line num="182" count="1" type="cond" truecount="2" falsecount="0"/>
        <line num="183" count="1" type="stmt"/>
        <line num="187" count="8" type="stmt"/>
        <line num="188" count="8" type="stmt"/>
        <line num="190" count="8" type="stmt"/>
        <line num="191" count="48" type="stmt"/>
        <line num="192" count="48" type="stmt"/>
        <line num="193" count="336" type="stmt"/>
        <line num="194" count="336" type="stmt"/>
        <line num="195" count="336" type="stmt"/>
        <line num="197" count="336" type="stmt"/>
        <line num="207" count="336" type="stmt"/>
        <line num="209" count="48" type="stmt"/>
        <line num="212" count="8" type="stmt"/>
      </file>
      <file name="logger.ts" path="C:\Development\NUS-ISS\AI-SDLC-Workshop-Day1n2\lib\logger.ts">
        <metrics statements="15" coveredstatements="15" conditionals="10" coveredconditionals="10" methods="5" coveredmethods="5"/>
        <line num="12" count="5" type="cond" truecount="2" falsecount="0"/>
        <line num="13" count="5" type="cond" truecount="2" falsecount="0"/>
        <line num="14" count="1" type="stmt"/>
        <line num="16" count="4" type="stmt"/>
        <line num="20" count="8" type="stmt"/>
        <line num="29" count="1" type="stmt"/>
        <line num="31" count="4" type="stmt"/>
        <line num="32" count="4" type="cond" truecount="2" falsecount="0"/>
        <line num="33" count="3" type="stmt"/>
        <line num="38" count="2" type="stmt"/>
        <line num="39" count="2" type="cond" truecount="2" falsecount="0"/>
        <line num="40" count="1" type="stmt"/>
        <line num="45" count="2" type="stmt"/>
        <line num="46" count="2" type="cond" truecount="2" falsecount="0"/>
        <line num="47" count="1" type="stmt"/>
      </file>
      <file name="queryKeys.ts" path="C:\Development\NUS-ISS\AI-SDLC-Workshop-Day1n2\lib\queryKeys.ts">
        <metrics statements="3" coveredstatements="3" conditionals="0" coveredconditionals="0" methods="2" coveredmethods="2"/>
        <line num="1" count="1" type="stmt"/>
        <line num="3" count="1" type="stmt"/>
        <line num="6" count="1" type="stmt"/>
      </file>
      <file name="rate-limit.ts" path="C:\Development\NUS-ISS\AI-SDLC-Workshop-Day1n2\lib\rate-limit.ts">
        <metrics statements="19" coveredstatements="19" conditionals="10" coveredconditionals="9" methods="2" coveredmethods="2"/>
        <line num="6" count="1" type="stmt"/>
        <line num="8" count="1" type="stmt"/>
        <line num="10" count="1" type="stmt"/>
        <line num="13" count="26" type="stmt"/>
        <line num="14" count="26" type="cond" truecount="2" falsecount="0"/>
        <line num="15" count="1" type="stmt"/>
        <line num="16" count="1" type="stmt"/>
        <line num="17" count="4" type="cond" truecount="1" falsecount="1"/>
        <line num="18" count="4" type="stmt"/>
        <line num="34" count="26" type="stmt"/>
        <line num="36" count="26" type="stmt"/>
        <line num="37" count="26" type="stmt"/>
        <line num="39" count="26" type="cond" truecount="4" falsecount="0"/>
        <line num="40" count="8" type="stmt"/>
        <line num="41" count="8" type="stmt"/>
        <line num="44" count="18" type="stmt"/>
        <line num="46" count="18" type="cond" truecount="2" falsecount="0"/>
        <line num="47" count="3" type="stmt"/>
        <line num="50" count="15" type="stmt"/>
      </file>
      <file name="recurrence.ts" path="C:\Development\NUS-ISS\AI-SDLC-Workshop-Day1n2\lib\recurrence.ts">
        <metrics statements="40" coveredstatements="38" conditionals="7" coveredconditionals="6" methods="4" coveredmethods="4"/>
        <line num="9" count="1" type="stmt"/>
        <line num="23" count="14" type="stmt"/>
        <line num="24" count="14" type="stmt"/>
        <line num="25" count="14" type="stmt"/>
        <line num="48" count="14" type="stmt"/>
        <line num="49" count="14" type="stmt"/>
        <line num="57" count="8" type="stmt"/>
        <line num="80" count="14" type="stmt"/>
        <line num="81" count="14" type="stmt"/>
        <line num="83" count="14" type="stmt"/>
        <line num="84" count="14" type="stmt"/>
        <line num="85" count="14" type="stmt"/>
        <line num="87" count="14" type="cond" truecount="4" falsecount="1"/>
        <line num="90" count="4" type="stmt"/>
        <line num="91" count="4" type="stmt"/>
        <line num="92" count="4" type="stmt"/>
        <line num="93" count="4" type="stmt"/>
        <line num="94" count="4" type="stmt"/>
        <line num="95" count="4" type="stmt"/>
        <line num="100" count="2" type="stmt"/>
        <line num="101" count="2" type="stmt"/>
        <line num="102" count="2" type="stmt"/>
        <line num="103" count="2" type="stmt"/>
        <line num="104" count="2" type="stmt"/>
        <line num="105" count="2" type="stmt"/>
        <line num="110" count="5" type="stmt"/>
        <line num="111" count="5" type="cond" truecount="2" falsecount="0"/>
        <line num="112" count="1" type="stmt"/>
        <line num="113" count="1" type="stmt"/>
        <line num="115" count="5" type="stmt"/>
        <line num="116" count="5" type="stmt"/>
        <line num="117" count="5" type="stmt"/>
        <line num="122" count="3" type="stmt"/>
        <line num="123" count="3" type="stmt"/>
        <line num="124" count="3" type="stmt"/>
        <line num="125" count="3" type="stmt"/>
        <line num="129" count="0" type="stmt"/>
        <line num="130" count="0" type="stmt"/>
        <line num="134" count="14" type="stmt"/>
        <line num="135" count="14" type="stmt"/>
      </file>
      <file name="timezone.ts" path="C:\Development\NUS-ISS\AI-SDLC-Workshop-Day1n2\lib\timezone.ts">
        <metrics statements="17" coveredstatements="17" conditionals="6" coveredconditionals="5" methods="6" coveredmethods="6"/>
        <line num="1" count="1" type="stmt"/>
        <line num="4" count="2" type="stmt"/>
        <line num="5" count="2" type="stmt"/>
        <line num="6" count="2" type="stmt"/>
        <line num="13" count="2" type="stmt"/>
        <line num="14" count="2" type="stmt"/>
        <line num="24" count="2" type="stmt"/>
        <line num="28" count="2" type="cond" truecount="2" falsecount="0"/>
        <line num="29" count="2" type="stmt"/>
        <line num="40" count="2" type="stmt"/>
        <line num="41" count="2" type="stmt"/>
        <line num="42" count="72" type="cond" truecount="1" falsecount="1"/>
        <line num="44" count="2" type="stmt"/>
        <line num="48" count="3" type="stmt"/>
        <line num="49" count="3" type="cond" truecount="2" falsecount="0"/>
        <line num="50" count="2" type="stmt"/>
        <line num="52" count="1" type="stmt"/>
      </file>
    </package>
    <package name="lib.utils">
      <metrics statements="12" coveredstatements="12" conditionals="16" coveredconditionals="11" methods="3" coveredmethods="3"/>
      <file name="progress.ts" path="C:\Development\NUS-ISS\AI-SDLC-Workshop-Day1n2\lib\utils\progress.ts">
        <metrics statements="2" coveredstatements="2" conditionals="2" coveredconditionals="2" methods="1" coveredmethods="1"/>
        <line num="2" count="6" type="cond" truecount="2" falsecount="0"/>
        <line num="3" count="5" type="stmt"/>
      </file>
      <file name="sortTodos.ts" path="C:\Development\NUS-ISS\AI-SDLC-Workshop-Day1n2\lib\utils\sortTodos.ts">
        <metrics statements="10" coveredstatements="10" conditionals="14" coveredconditionals="9" methods="2" coveredmethods="2"/>
        <line num="3" count="1" type="stmt"/>
        <line num="16" count="6" type="stmt"/>
        <line num="17" count="10" type="cond" truecount="1" falsecount="1"/>
        <line num="18" count="10" type="cond" truecount="1" falsecount="1"/>
        <line num="19" count="10" type="stmt"/>
        <line num="20" count="10" type="cond" truecount="2" falsecount="0"/>
        <line num="22" count="5" type="cond" truecount="2" falsecount="2"/>
        <line num="23" count="5" type="cond" truecount="1" falsecount="1"/>
        <line num="24" count="5" type="cond" truecount="2" falsecount="0"/>
        <line num="25" count="4" type="stmt"/>
      </file>
    </package>
    <package name="lib.validation">
      <metrics statements="11" coveredstatements="11" conditionals="12" coveredconditionals="12" methods="1" coveredmethods="1"/>
      <file name="import.ts" path="C:\Development\NUS-ISS\AI-SDLC-Workshop-Day1n2\lib\validation\import.ts">
        <metrics statements="11" coveredstatements="11" conditionals="12" coveredconditionals="12" methods="1" coveredmethods="1"/>
        <line num="4" count="9" type="cond" truecount="4" falsecount="0"/>
        <line num="5" count="7" type="stmt"/>
        <line num="7" count="7" type="cond" truecount="2" falsecount="0"/>
        <line num="8" count="1" type="stmt"/>
        <line num="10" count="6" type="cond" truecount="2" falsecount="0"/>
        <line num="11" count="1" type="stmt"/>
        <line num="13" count="5" type="cond" truecount="2" falsecount="0"/>
        <line num="14" count="1" type="stmt"/>
        <line num="16" count="4" type="cond" truecount="2" falsecount="0"/>
        <line num="17" count="2" type="stmt"/>
        <line num="20" count="2" type="stmt"/>
      </file>
    </package>
  </project>
</coverage>
