{"C:\\Development\\NUS-ISS\\AI-SDLC-Workshop-Day1n2\\lib\\calendar.ts": {"path":"C:\\Development\\NUS-ISS\\AI-SDLC-Workshop-Day1n2\\lib\\calendar.ts","statementMap":{"0":{"start":{"line":9,"column":20},"end":{"line":9,"column":null}},"1":{"start":{"line":47,"column":2},"end":{"line":52,"column":null}},"2":{"start":{"line":59,"column":2},"end":{"line":59,"column":null}},"3":{"start":{"line":66,"column":2},"end":{"line":66,"column":null}},"4":{"start":{"line":74,"column":2},"end":{"line":74,"column":null}},"5":{"start":{"line":84,"column":16},"end":{"line":84,"column":null}},"6":{"start":{"line":86,"column":20},"end":{"line":86,"column":null}},"7":{"start":{"line":87,"column":19},"end":{"line":87,"column":null}},"8":{"start":{"line":88,"column":18},"end":{"line":89,"column":null}},"9":{"start":{"line":91,"column":21},"end":{"line":96,"column":20}},"10":{"start":{"line":97,"column":2},"end":{"line":97,"column":null}},"11":{"start":{"line":105,"column":20},"end":{"line":105,"column":50}},"12":{"start":{"line":106,"column":14},"end":{"line":106,"column":null}},"13":{"start":{"line":107,"column":17},"end":{"line":107,"column":30}},"14":{"start":{"line":108,"column":2},"end":{"line":113,"column":null}},"15":{"start":{"line":121,"column":20},"end":{"line":121,"column":50}},"16":{"start":{"line":124,"column":2},"end":{"line":124,"column":null}},"17":{"start":{"line":131,"column":2},"end":{"line":131,"column":null}},"18":{"start":{"line":153,"column":21},"end":{"line":153,"column":30}},"19":{"start":{"line":156,"column":22},"end":{"line":156,"column":null}},"20":{"start":{"line":157,"column":25},"end":{"line":157,"column":50}},"21":{"start":{"line":160,"column":23},"end":{"line":160,"column":60}},"22":{"start":{"line":163,"column":22},"end":{"line":163,"column":55}},"23":{"start":{"line":164,"column":2},"end":{"line":176,"column":null}},"24":{"start":{"line":165,"column":4},"end":{"line":165,"column":null}},"25":{"start":{"line":165,"column":24},"end":{"line":165,"column":null}},"26":{"start":{"line":166,"column":19},"end":{"line":166,"column":45}},"27":{"start":{"line":167,"column":21},"end":{"line":167,"column":50}},"28":{"start":{"line":168,"column":4},"end":{"line":176,"column":null}},"29":{"start":{"line":180,"column":25},"end":{"line":180,"column":53}},"30":{"start":{"line":181,"column":2},"end":{"line":183,"column":null}},"31":{"start":{"line":182,"column":21},"end":{"line":182,"column":59}},"32":{"start":{"line":183,"column":4},"end":{"line":183,"column":null}},"33":{"start":{"line":187,"column":33},"end":{"line":187,"column":35}},"34":{"start":{"line":188,"column":23},"end":{"line":188,"column":null}},"35":{"start":{"line":190,"column":2},"end":{"line":209,"column":null}},"36":{"start":{"line":190,"column":17},"end":{"line":190,"column":20}},"37":{"start":{"line":191,"column":32},"end":{"line":191,"column":34}},"38":{"start":{"line":192,"column":4},"end":{"line":207,"column":null}},"39":{"start":{"line":192,"column":19},"end":{"line":192,"column":22}},"40":{"start":{"line":193,"column":24},"end":{"line":193,"column":66}},"41":{"start":{"line":194,"column":23},"end":{"line":194,"column":65}},"42":{"start":{"line":195,"column":24},"end":{"line":195,"column":null}},"43":{"start":{"line":197,"column":6},"end":{"line":205,"column":null}},"44":{"start":{"line":207,"column":6},"end":{"line":207,"column":null}},"45":{"start":{"line":209,"column":4},"end":{"line":209,"column":null}},"46":{"start":{"line":212,"column":2},"end":{"line":212,"column":null}}},"fnMap":{"0":{"name":"toSGDateStr","decl":{"start":{"line":46,"column":16},"end":{"line":46,"column":28}},"loc":{"start":{"line":46,"column":52},"end":{"line":52,"column":null}},"line":46},"1":{"name":"todaySG","decl":{"start":{"line":58,"column":16},"end":{"line":58,"column":34}},"loc":{"start":{"line":58,"column":34},"end":{"line":59,"column":null}},"line":58},"2":{"name":"currentSGMonth","decl":{"start":{"line":65,"column":16},"end":{"line":65,"column":41}},"loc":{"start":{"line":65,"column":41},"end":{"line":66,"column":null}},"line":65},"3":{"name":"isWeekend","decl":{"start":{"line":73,"column":16},"end":{"line":73,"column":26}},"loc":{"start":{"line":73,"column":54},"end":{"line":74,"column":null}},"line":73},"4":{"name":"getMonthBounds","decl":{"start":{"line":80,"column":16},"end":{"line":80,"column":null}},"loc":{"start":{"line":83,"column":34},"end":{"line":97,"column":null}},"line":83},"5":{"name":"addDays","decl":{"start":{"line":104,"column":9},"end":{"line":104,"column":17}},"loc":{"start":{"line":104,"column":56},"end":{"line":113,"column":null}},"line":104},"6":{"name":"getDayOfWeek","decl":{"start":{"line":120,"column":9},"end":{"line":120,"column":22}},"loc":{"start":{"line":120,"column":47},"end":{"line":124,"column":null}},"line":120},"7":{"name":"getDayOfMonth","decl":{"start":{"line":130,"column":9},"end":{"line":130,"column":23}},"loc":{"start":{"line":130,"column":48},"end":{"line":131,"column":null}},"line":130},"8":{"name":"buildCalendarMonth","decl":{"start":{"line":147,"column":16},"end":{"line":147,"column":null}},"loc":{"start":{"line":152,"column":17},"end":{"line":212,"column":null}},"line":152}},"branchMap":{"0":{"loc":{"start":{"line":74,"column":9},"end":{"line":74,"column":null}},"type":"binary-expr","locations":[{"start":{"line":74,"column":9},"end":{"line":74,"column":28}},{"start":{"line":74,"column":28},"end":{"line":74,"column":null}}],"line":74},"1":{"loc":{"start":{"line":86,"column":20},"end":{"line":86,"column":null}},"type":"cond-expr","locations":[{"start":{"line":86,"column":35},"end":{"line":86,"column":39}},{"start":{"line":86,"column":39},"end":{"line":86,"column":null}}],"line":86},"2":{"loc":{"start":{"line":87,"column":19},"end":{"line":87,"column":null}},"type":"cond-expr","locations":[{"start":{"line":87,"column":34},"end":{"line":87,"column":45}},{"start":{"line":87,"column":45},"end":{"line":87,"column":null}}],"line":87},"3":{"loc":{"start":{"line":165,"column":4},"end":{"line":165,"column":null}},"type":"if","locations":[{"start":{"line":165,"column":4},"end":{"line":165,"column":null}},{"start":{},"end":{}}],"line":165},"4":{"loc":{"start":{"line":167,"column":21},"end":{"line":167,"column":50}},"type":"binary-expr","locations":[{"start":{"line":167,"column":21},"end":{"line":167,"column":44}},{"start":{"line":167,"column":48},"end":{"line":167,"column":50}}],"line":167},"5":{"loc":{"start":{"line":182,"column":21},"end":{"line":182,"column":59}},"type":"binary-expr","locations":[{"start":{"line":182,"column":21},"end":{"line":182,"column":53}},{"start":{"line":182,"column":57},"end":{"line":182,"column":59}}],"line":182},"6":{"loc":{"start":{"line":200,"column":24},"end":{"line":200,"column":null}},"type":"binary-expr","locations":[{"start":{"line":200,"column":24},"end":{"line":200,"column":45}},{"start":{"line":200,"column":45},"end":{"line":200,"column":null}}],"line":200},"7":{"loc":{"start":{"line":203,"column":15},"end":{"line":203,"column":52}},"type":"binary-expr","locations":[{"start":{"line":203,"column":15},"end":{"line":203,"column":46}},{"start":{"line":203,"column":50},"end":{"line":203,"column":52}}],"line":203},"8":{"loc":{"start":{"line":204,"column":18},"end":{"line":204,"column":null}},"type":"binary-expr","locations":[{"start":{"line":204,"column":18},"end":{"line":204,"column":52}},{"start":{"line":204,"column":56},"end":{"line":204,"column":null}}],"line":204}},"s":{"0":1,"1":12,"2":8,"3":0,"4":340,"5":4,"6":4,"7":4,"8":4,"9":4,"10":4,"11":344,"12":344,"13":344,"14":344,"15":8,"16":8,"17":336,"18":8,"19":8,"20":8,"21":8,"22":8,"23":8,"24":1,"25":0,"26":1,"27":1,"28":1,"29":8,"30":8,"31":1,"32":1,"33":8,"34":8,"35":8,"36":8,"37":48,"38":48,"39":48,"40":336,"41":336,"42":336,"43":336,"44":336,"45":48,"46":8},"f":{"0":12,"1":8,"2":0,"3":340,"4":4,"5":344,"6":8,"7":336,"8":8},"b":{"0":[340,291],"1":[1,3],"2":[1,3],"3":[0,1],"4":[1,1],"5":[1,1],"6":[336,336],"7":[336,335],"8":[336,335]},"meta":{"lastBranch":9,"lastFunction":9,"lastStatement":47,"seen":{"s:9:20:9:Infinity":0,"f:46:16:46:28":0,"s:47:2:52:Infinity":1,"f:58:16:58:34":1,"s:59:2:59:Infinity":2,"f:65:16:65:41":2,"s:66:2:66:Infinity":3,"f:73:16:73:26":3,"s:74:2:74:Infinity":4,"b:74:9:74:28:74:28:74:Infinity":0,"f:80:16:80:Infinity":4,"s:84:16:84:Infinity":5,"s:86:20:86:Infinity":6,"b:86:35:86:39:86:39:86:Infinity":1,"s:87:19:87:Infinity":7,"b:87:34:87:45:87:45:87:Infinity":2,"s:88:18:89:Infinity":8,"s:91:21:96:20":9,"s:97:2:97:Infinity":10,"f:104:9:104:17":5,"s:105:20:105:50":11,"s:106:14:106:Infinity":12,"s:107:17:107:30":13,"s:108:2:113:Infinity":14,"f:120:9:120:22":6,"s:121:20:121:50":15,"s:124:2:124:Infinity":16,"f:130:9:130:23":7,"s:131:2:131:Infinity":17,"f:147:16:147:Infinity":8,"s:153:21:153:30":18,"s:156:22:156:Infinity":19,"s:157:25:157:50":20,"s:160:23:160:60":21,"s:163:22:163:55":22,"s:164:2:176:Infinity":23,"b:165:4:165:Infinity:undefined:undefined:undefined:undefined":3,"s:165:4:165:Infinity":24,"s:165:24:165:Infinity":25,"s:166:19:166:45":26,"s:167:21:167:50":27,"b:167:21:167:44:167:48:167:50":4,"s:168:4:176:Infinity":28,"s:180:25:180:53":29,"s:181:2:183:Infinity":30,"s:182:21:182:59":31,"b:182:21:182:53:182:57:182:59":5,"s:183:4:183:Infinity":32,"s:187:33:187:35":33,"s:188:23:188:Infinity":34,"s:190:2:209:Infinity":35,"s:190:17:190:20":36,"s:191:32:191:34":37,"s:192:4:207:Infinity":38,"s:192:19:192:22":39,"s:193:24:193:66":40,"s:194:23:194:65":41,"s:195:24:195:Infinity":42,"s:197:6:205:Infinity":43,"b:200:24:200:45:200:45:200:Infinity":6,"b:203:15:203:46:203:50:203:52":7,"b:204:18:204:52:204:56:204:Infinity":8,"s:207:6:207:Infinity":44,"s:209:4:209:Infinity":45,"s:212:2:212:Infinity":46}}}
,"C:\\Development\\NUS-ISS\\AI-SDLC-Workshop-Day1n2\\lib\\logger.ts": {"path":"C:\\Development\\NUS-ISS\\AI-SDLC-Workshop-Day1n2\\lib\\logger.ts","statementMap":{"0":{"start":{"line":12,"column":15},"end":{"line":12,"column":null}},"1":{"start":{"line":13,"column":2},"end":{"line":14,"column":null}},"2":{"start":{"line":14,"column":4},"end":{"line":14,"column":null}},"3":{"start":{"line":16,"column":2},"end":{"line":16,"column":null}},"4":{"start":{"line":20,"column":2},"end":{"line":26,"column":null}},"5":{"start":{"line":29,"column":22},"end":{"line":50,"column":null}},"6":{"start":{"line":31,"column":18},"end":{"line":31,"column":64}},"7":{"start":{"line":32,"column":4},"end":{"line":33,"column":null}},"8":{"start":{"line":33,"column":6},"end":{"line":33,"column":null}},"9":{"start":{"line":38,"column":18},"end":{"line":38,"column":64}},"10":{"start":{"line":39,"column":4},"end":{"line":40,"column":null}},"11":{"start":{"line":40,"column":6},"end":{"line":40,"column":null}},"12":{"start":{"line":45,"column":18},"end":{"line":45,"column":65}},"13":{"start":{"line":46,"column":4},"end":{"line":47,"column":null}},"14":{"start":{"line":47,"column":6},"end":{"line":47,"column":null}}},"fnMap":{"0":{"name":"formatEntry","decl":{"start":{"line":11,"column":9},"end":{"line":11,"column":21}},"loc":{"start":{"line":11,"column":46},"end":{"line":16,"column":null}},"line":11},"1":{"name":"createEntry","decl":{"start":{"line":19,"column":9},"end":{"line":19,"column":21}},"loc":{"start":{"line":19,"column":102},"end":{"line":26,"column":null}},"line":19},"2":{"name":"(anonymous_2)","decl":{"start":{"line":30,"column":2},"end":{"line":30,"column":7}},"loc":{"start":{"line":30,"column":67},"end":{"line":33,"column":null}},"line":30},"3":{"name":"(anonymous_3)","decl":{"start":{"line":37,"column":2},"end":{"line":37,"column":7}},"loc":{"start":{"line":37,"column":67},"end":{"line":40,"column":null}},"line":37},"4":{"name":"(anonymous_4)","decl":{"start":{"line":44,"column":2},"end":{"line":44,"column":8}},"loc":{"start":{"line":44,"column":68},"end":{"line":47,"column":null}},"line":44}},"branchMap":{"0":{"loc":{"start":{"line":12,"column":68},"end":{"line":12,"column":113}},"type":"cond-expr","locations":[{"start":{"line":12,"column":84},"end":{"line":12,"column":108}},{"start":{"line":12,"column":108},"end":{"line":12,"column":113}}],"line":12},"1":{"loc":{"start":{"line":13,"column":2},"end":{"line":14,"column":null}},"type":"if","locations":[{"start":{"line":13,"column":2},"end":{"line":14,"column":null}},{"start":{},"end":{}}],"line":13},"2":{"loc":{"start":{"line":32,"column":4},"end":{"line":33,"column":null}},"type":"if","locations":[{"start":{"line":32,"column":4},"end":{"line":33,"column":null}},{"start":{},"end":{}}],"line":32},"3":{"loc":{"start":{"line":39,"column":4},"end":{"line":40,"column":null}},"type":"if","locations":[{"start":{"line":39,"column":4},"end":{"line":40,"column":null}},{"start":{},"end":{}}],"line":39},"4":{"loc":{"start":{"line":46,"column":4},"end":{"line":47,"column":null}},"type":"if","locations":[{"start":{"line":46,"column":4},"end":{"line":47,"column":null}},{"start":{},"end":{}}],"line":46}},"s":{"0":5,"1":5,"2":1,"3":4,"4":8,"5":1,"6":4,"7":4,"8":3,"9":2,"10":2,"11":1,"12":2,"13":2,"14":1},"f":{"0":5,"1":8,"2":4,"3":2,"4":2},"b":{"0":[2,3],"1":[1,4],"2":[3,1],"3":[1,1],"4":[1,1]},"meta":{"lastBranch":5,"lastFunction":5,"lastStatement":15,"seen":{"f:11:9:11:21":0,"s:12:15:12:Infinity":0,"b:12:84:12:108:12:108:12:113":0,"b:13:2:14:Infinity:undefined:undefined:undefined:undefined":1,"s:13:2:14:Infinity":1,"s:14:4:14:Infinity":2,"s:16:2:16:Infinity":3,"f:19:9:19:21":1,"s:20:2:26:Infinity":4,"s:29:22:50:Infinity":5,"f:30:2:30:7":2,"s:31:18:31:64":6,"b:32:4:33:Infinity:undefined:undefined:undefined:undefined":2,"s:32:4:33:Infinity":7,"s:33:6:33:Infinity":8,"f:37:2:37:7":3,"s:38:18:38:64":9,"b:39:4:40:Infinity:undefined:undefined:undefined:undefined":3,"s:39:4:40:Infinity":10,"s:40:6:40:Infinity":11,"f:44:2:44:8":4,"s:45:18:45:65":12,"b:46:4:47:Infinity:undefined:undefined:undefined:undefined":4,"s:46:4:47:Infinity":13,"s:47:6:47:Infinity":14}}}
,"C:\\Development\\NUS-ISS\\AI-SDLC-Workshop-Day1n2\\lib\\queryKeys.ts": {"path":"C:\\Development\\NUS-ISS\\AI-SDLC-Workshop-Day1n2\\lib\\queryKeys.ts","statementMap":{"0":{"start":{"line":1,"column":25},"end":{"line":9,"column":null}},"1":{"start":{"line":3,"column":24},"end":{"line":3,"column":37}},"2":{"start":{"line":6,"column":45},"end":{"line":6,"column":null}}},"fnMap":{"0":{"name":"(anonymous_0)","decl":{"start":{"line":3,"column":2},"end":{"line":3,"column":9}},"loc":{"start":{"line":3,"column":24},"end":{"line":3,"column":37}},"line":3},"1":{"name":"(anonymous_1)","decl":{"start":{"line":6,"column":2},"end":{"line":6,"column":13}},"loc":{"start":{"line":6,"column":45},"end":{"line":6,"column":null}},"line":6}},"branchMap":{},"s":{"0":1,"1":1,"2":1},"f":{"0":1,"1":1},"b":{},"meta":{"lastBranch":0,"lastFunction":2,"lastStatement":3,"seen":{"s:1:25:9:Infinity":0,"f:3:2:3:9":0,"s:3:24:3:37":1,"f:6:2:6:13":1,"s:6:45:6:Infinity":2}}}
,"C:\\Development\\NUS-ISS\\AI-SDLC-Workshop-Day1n2\\lib\\rate-limit.ts": {"path":"C:\\Development\\NUS-ISS\\AI-SDLC-Workshop-Day1n2\\lib\\rate-limit.ts","statementMap":{"0":{"start":{"line":6,"column":14},"end":{"line":6,"column":47}},"1":{"start":{"line":8,"column":28},"end":{"line":8,"column":null}},"2":{"start":{"line":10,"column":18},"end":{"line":10,"column":28}},"3":{"start":{"line":13,"column":14},"end":{"line":13,"column":24}},"4":{"start":{"line":14,"column":2},"end":{"line":14,"column":null}},"5":{"start":{"line":14,"column":47},"end":{"line":14,"column":null}},"6":{"start":{"line":15,"column":2},"end":{"line":15,"column":null}},"7":{"start":{"line":16,"column":2},"end":{"line":18,"column":null}},"8":{"start":{"line":17,"column":4},"end":{"line":18,"column":null}},"9":{"start":{"line":18,"column":6},"end":{"line":18,"column":null}},"10":{"start":{"line":34,"column":2},"end":{"line":34,"column":null}},"11":{"start":{"line":36,"column":14},"end":{"line":36,"column":24}},"12":{"start":{"line":37,"column":19},"end":{"line":37,"column":33}},"13":{"start":{"line":39,"column":2},"end":{"line":41,"column":null}},"14":{"start":{"line":40,"column":4},"end":{"line":40,"column":null}},"15":{"start":{"line":41,"column":4},"end":{"line":41,"column":null}},"16":{"start":{"line":44,"column":2},"end":{"line":44,"column":null}},"17":{"start":{"line":46,"column":2},"end":{"line":47,"column":null}},"18":{"start":{"line":47,"column":4},"end":{"line":47,"column":null}},"19":{"start":{"line":50,"column":2},"end":{"line":50,"column":null}}},"fnMap":{"0":{"name":"cleanup","decl":{"start":{"line":12,"column":9},"end":{"line":12,"column":25}},"loc":{"start":{"line":12,"column":25},"end":{"line":18,"column":null}},"line":12},"1":{"name":"checkRateLimit","decl":{"start":{"line":29,"column":16},"end":{"line":29,"column":null}},"loc":{"start":{"line":33,"column":19},"end":{"line":50,"column":null}},"line":33}},"branchMap":{"0":{"loc":{"start":{"line":14,"column":2},"end":{"line":14,"column":null}},"type":"if","locations":[{"start":{"line":14,"column":2},"end":{"line":14,"column":null}},{"start":{},"end":{}}],"line":14},"1":{"loc":{"start":{"line":17,"column":4},"end":{"line":18,"column":null}},"type":"if","locations":[{"start":{"line":17,"column":4},"end":{"line":18,"column":null}},{"start":{},"end":{}}],"line":17},"2":{"loc":{"start":{"line":39,"column":2},"end":{"line":41,"column":null}},"type":"if","locations":[{"start":{"line":39,"column":2},"end":{"line":41,"column":null}},{"start":{},"end":{}}],"line":39},"3":{"loc":{"start":{"line":39,"column":6},"end":{"line":39,"column":44}},"type":"binary-expr","locations":[{"start":{"line":39,"column":6},"end":{"line":39,"column":19}},{"start":{"line":39,"column":19},"end":{"line":39,"column":44}}],"line":39},"4":{"loc":{"start":{"line":46,"column":2},"end":{"line":47,"column":null}},"type":"if","locations":[{"start":{"line":46,"column":2},"end":{"line":47,"column":null}},{"start":{},"end":{}}],"line":46}},"s":{"0":1,"1":1,"2":1,"3":26,"4":26,"5":25,"6":1,"7":1,"8":4,"9":4,"10":26,"11":26,"12":26,"13":26,"14":8,"15":8,"16":18,"17":18,"18":3,"19":15},"f":{"0":26,"1":26},"b":{"0":[25,1],"1":[4,0],"2":[8,18],"3":[26,18],"4":[3,15]},"meta":{"lastBranch":5,"lastFunction":2,"lastStatement":20,"seen":{"s:6:14:6:47":0,"s:8:28:8:Infinity":1,"s:10:18:10:28":2,"f:12:9:12:25":0,"s:13:14:13:24":3,"b:14:2:14:Infinity:undefined:undefined:undefined:undefined":0,"s:14:2:14:Infinity":4,"s:14:47:14:Infinity":5,"s:15:2:15:Infinity":6,"s:16:2:18:Infinity":7,"b:17:4:18:Infinity:undefined:undefined:undefined:undefined":1,"s:17:4:18:Infinity":8,"s:18:6:18:Infinity":9,"f:29:16:29:Infinity":1,"s:34:2:34:Infinity":10,"s:36:14:36:24":11,"s:37:19:37:33":12,"b:39:2:41:Infinity:undefined:undefined:undefined:undefined":2,"s:39:2:41:Infinity":13,"b:39:6:39:19:39:19:39:44":3,"s:40:4:40:Infinity":14,"s:41:4:41:Infinity":15,"s:44:2:44:Infinity":16,"b:46:2:47:Infinity:undefined:undefined:undefined:undefined":4,"s:46:2:47:Infinity":17,"s:47:4:47:Infinity":18,"s:50:2:50:Infinity":19}}}
,"C:\\Development\\NUS-ISS\\AI-SDLC-Workshop-Day1n2\\lib\\recurrence.ts": {"path":"C:\\Development\\NUS-ISS\\AI-SDLC-Workshop-Day1n2\\lib\\recurrence.ts","statementMap":{"0":{"start":{"line":9,"column":21},"end":{"line":9,"column":null}},"1":{"start":{"line":23,"column":15},"end":{"line":23,"column":null}},"2":{"start":{"line":24,"column":17},"end":{"line":24,"column":31}},"3":{"start":{"line":25,"column":2},"end":{"line":33,"column":null}},"4":{"start":{"line":48,"column":15},"end":{"line":48,"column":74}},"5":{"start":{"line":49,"column":2},"end":{"line":49,"column":null}},"6":{"start":{"line":57,"column":2},"end":{"line":57,"column":null}},"7":{"start":{"line":80,"column":18},"end":{"line":80,"column":42}},"8":{"start":{"line":81,"column":13},"end":{"line":81,"column":36}},"9":{"start":{"line":83,"column":17},"end":{"line":83,"column":null}},"10":{"start":{"line":84,"column":18},"end":{"line":84,"column":null}},"11":{"start":{"line":85,"column":16},"end":{"line":85,"column":null}},"12":{"start":{"line":87,"column":2},"end":{"line":130,"column":null}},"13":{"start":{"line":90,"column":19},"end":{"line":90,"column":103}},"14":{"start":{"line":91,"column":25},"end":{"line":91,"column":39}},"15":{"start":{"line":92,"column":6},"end":{"line":92,"column":null}},"16":{"start":{"line":93,"column":6},"end":{"line":93,"column":null}},"17":{"start":{"line":94,"column":6},"end":{"line":94,"column":null}},"18":{"start":{"line":95,"column":6},"end":{"line":95,"column":null}},"19":{"start":{"line":100,"column":19},"end":{"line":100,"column":103}},"20":{"start":{"line":101,"column":25},"end":{"line":101,"column":39}},"21":{"start":{"line":102,"column":6},"end":{"line":102,"column":null}},"22":{"start":{"line":103,"column":6},"end":{"line":103,"column":null}},"23":{"start":{"line":104,"column":6},"end":{"line":104,"column":null}},"24":{"start":{"line":105,"column":6},"end":{"line":105,"column":null}},"25":{"start":{"line":110,"column":6},"end":{"line":110,"column":null}},"26":{"start":{"line":111,"column":6},"end":{"line":113,"column":null}},"27":{"start":{"line":112,"column":8},"end":{"line":112,"column":null}},"28":{"start":{"line":113,"column":8},"end":{"line":113,"column":null}},"29":{"start":{"line":115,"column":21},"end":{"line":115,"column":53}},"30":{"start":{"line":116,"column":6},"end":{"line":116,"column":null}},"31":{"start":{"line":117,"column":6},"end":{"line":117,"column":null}},"32":{"start":{"line":122,"column":6},"end":{"line":122,"column":null}},"33":{"start":{"line":123,"column":21},"end":{"line":123,"column":52}},"34":{"start":{"line":124,"column":6},"end":{"line":124,"column":null}},"35":{"start":{"line":125,"column":6},"end":{"line":125,"column":null}},"36":{"start":{"line":129,"column":33},"end":{"line":129,"column":null}},"37":{"start":{"line":130,"column":6},"end":{"line":130,"column":null}},"38":{"start":{"line":134,"column":22},"end":{"line":134,"column":109}},"39":{"start":{"line":135,"column":2},"end":{"line":135,"column":null}}},"fnMap":{"0":{"name":"toSGComponents","decl":{"start":{"line":14,"column":9},"end":{"line":14,"column":24}},"loc":{"start":{"line":22,"column":2},"end":{"line":33,"column":null}},"line":22},"1":{"name":"fromSGComponents","decl":{"start":{"line":39,"column":9},"end":{"line":39,"column":null}},"loc":{"start":{"line":47,"column":8},"end":{"line":49,"column":null}},"line":47},"2":{"name":"daysInMonth","decl":{"start":{"line":55,"column":9},"end":{"line":55,"column":21}},"loc":{"start":{"line":55,"column":58},"end":{"line":57,"column":null}},"line":55},"3":{"name":"calculateNextDueDate","decl":{"start":{"line":76,"column":16},"end":{"line":76,"column":null}},"loc":{"start":{"line":79,"column":10},"end":{"line":135,"column":null}},"line":79}},"branchMap":{"0":{"loc":{"start":{"line":87,"column":2},"end":{"line":130,"column":null}},"type":"switch","locations":[{"start":{"line":88,"column":4},"end":{"line":95,"column":null}},{"start":{"line":98,"column":4},"end":{"line":105,"column":null}},{"start":{"line":108,"column":4},"end":{"line":117,"column":null}},{"start":{"line":120,"column":4},"end":{"line":125,"column":null}},{"start":{"line":128,"column":4},"end":{"line":130,"column":null}}],"line":87},"1":{"loc":{"start":{"line":111,"column":6},"end":{"line":113,"column":null}},"type":"if","locations":[{"start":{"line":111,"column":6},"end":{"line":113,"column":null}},{"start":{},"end":{}}],"line":111}},"s":{"0":1,"1":14,"2":14,"3":14,"4":14,"5":14,"6":8,"7":14,"8":14,"9":14,"10":14,"11":14,"12":14,"13":4,"14":4,"15":4,"16":4,"17":4,"18":4,"19":2,"20":2,"21":2,"22":2,"23":2,"24":2,"25":5,"26":5,"27":1,"28":1,"29":5,"30":5,"31":5,"32":3,"33":3,"34":3,"35":3,"36":0,"37":0,"38":14,"39":14},"f":{"0":14,"1":14,"2":8,"3":14},"b":{"0":[4,2,5,3,0],"1":[1,4]},"meta":{"lastBranch":2,"lastFunction":4,"lastStatement":40,"seen":{"s:9:21:9:Infinity":0,"f:14:9:14:24":0,"s:23:15:23:Infinity":1,"s:24:17:24:31":2,"s:25:2:33:Infinity":3,"f:39:9:39:Infinity":1,"s:48:15:48:74":4,"s:49:2:49:Infinity":5,"f:55:9:55:21":2,"s:57:2:57:Infinity":6,"f:76:16:76:Infinity":3,"s:80:18:80:42":7,"s:81:13:81:36":8,"s:83:17:83:Infinity":9,"s:84:18:84:Infinity":10,"s:85:16:85:Infinity":11,"b:88:4:95:Infinity:98:4:105:Infinity:108:4:117:Infinity:120:4:125:Infinity:128:4:130:Infinity":0,"s:87:2:130:Infinity":12,"s:90:19:90:103":13,"s:91:25:91:39":14,"s:92:6:92:Infinity":15,"s:93:6:93:Infinity":16,"s:94:6:94:Infinity":17,"s:95:6:95:Infinity":18,"s:100:19:100:103":19,"s:101:25:101:39":20,"s:102:6:102:Infinity":21,"s:103:6:103:Infinity":22,"s:104:6:104:Infinity":23,"s:105:6:105:Infinity":24,"s:110:6:110:Infinity":25,"b:111:6:113:Infinity:undefined:undefined:undefined:undefined":1,"s:111:6:113:Infinity":26,"s:112:8:112:Infinity":27,"s:113:8:113:Infinity":28,"s:115:21:115:53":29,"s:116:6:116:Infinity":30,"s:117:6:117:Infinity":31,"s:122:6:122:Infinity":32,"s:123:21:123:52":33,"s:124:6:124:Infinity":34,"s:125:6:125:Infinity":35,"s:129:33:129:Infinity":36,"s:130:6:130:Infinity":37,"s:134:22:134:109":38,"s:135:2:135:Infinity":39}}}
,"C:\\Development\\NUS-ISS\\AI-SDLC-Workshop-Day1n2\\lib\\timezone.ts": {"path":"C:\\Development\\NUS-ISS\\AI-SDLC-Workshop-Day1n2\\lib\\timezone.ts","statementMap":{"0":{"start":{"line":1,"column":20},"end":{"line":1,"column":null}},"1":{"start":{"line":4,"column":14},"end":{"line":4,"column":24}},"2":{"start":{"line":5,"column":19},"end":{"line":5,"column":73}},"3":{"start":{"line":6,"column":2},"end":{"line":6,"column":null}},"4":{"start":{"line":13,"column":15},"end":{"line":13,"column":35}},"5":{"start":{"line":14,"column":53},"end":{"line":23,"column":null}},"6":{"start":{"line":24,"column":2},"end":{"line":24,"column":null}},"7":{"start":{"line":28,"column":17},"end":{"line":28,"column":35}},"8":{"start":{"line":29,"column":22},"end":{"line":38,"column":4}},"9":{"start":{"line":40,"column":16},"end":{"line":40,"column":49}},"10":{"start":{"line":41,"column":8},"end":{"line":42,"column":null}},"11":{"start":{"line":42,"column":4},"end":{"line":42,"column":null}},"12":{"start":{"line":42,"column":22},"end":{"line":42,"column":38}},"13":{"start":{"line":44,"column":2},"end":{"line":44,"column":null}},"14":{"start":{"line":48,"column":15},"end":{"line":48,"column":35}},"15":{"start":{"line":49,"column":2},"end":{"line":50,"column":null}},"16":{"start":{"line":50,"column":4},"end":{"line":50,"column":null}},"17":{"start":{"line":52,"column":2},"end":{"line":52,"column":null}}},"fnMap":{"0":{"name":"getSingaporeNow","decl":{"start":{"line":3,"column":16},"end":{"line":3,"column":40}},"loc":{"start":{"line":3,"column":40},"end":{"line":6,"column":null}},"line":3},"1":{"name":"formatSingaporeDate","decl":{"start":{"line":9,"column":16},"end":{"line":9,"column":null}},"loc":{"start":{"line":12,"column":10},"end":{"line":24,"column":null}},"line":12},"2":{"name":"toSingaporeISO","decl":{"start":{"line":27,"column":16},"end":{"line":27,"column":31}},"loc":{"start":{"line":27,"column":52},"end":{"line":44,"column":null}},"line":27},"3":{"name":"(anonymous_3)","decl":{"start":{"line":41,"column":8},"end":{"line":41,"column":15}},"loc":{"start":{"line":42,"column":4},"end":{"line":42,"column":null}},"line":42},"4":{"name":"(anonymous_4)","decl":{"start":{"line":42,"column":10},"end":{"line":42,"column":16}},"loc":{"start":{"line":42,"column":22},"end":{"line":42,"column":38}},"line":42},"5":{"name":"parseSingaporeDate","decl":{"start":{"line":47,"column":16},"end":{"line":47,"column":35}},"loc":{"start":{"line":47,"column":61},"end":{"line":52,"column":null}},"line":47}},"branchMap":{"0":{"loc":{"start":{"line":28,"column":17},"end":{"line":28,"column":35}},"type":"binary-expr","locations":[{"start":{"line":28,"column":17},"end":{"line":28,"column":25}},{"start":{"line":28,"column":25},"end":{"line":28,"column":35}}],"line":28},"1":{"loc":{"start":{"line":42,"column":4},"end":{"line":42,"column":null}},"type":"binary-expr","locations":[{"start":{"line":42,"column":4},"end":{"line":42,"column":49}},{"start":{"line":42,"column":49},"end":{"line":42,"column":null}}],"line":42},"2":{"loc":{"start":{"line":49,"column":2},"end":{"line":50,"column":null}},"type":"if","locations":[{"start":{"line":49,"column":2},"end":{"line":50,"column":null}},{"start":{},"end":{}}],"line":49}},"s":{"0":1,"1":2,"2":2,"3":2,"4":2,"5":2,"6":2,"7":2,"8":2,"9":2,"10":2,"11":12,"12":72,"13":2,"14":3,"15":3,"16":2,"17":1},"f":{"0":2,"1":2,"2":2,"3":12,"4":72,"5":3},"b":{"0":[2,1],"1":[12,0],"2":[2,1]},"meta":{"lastBranch":3,"lastFunction":6,"lastStatement":18,"seen":{"s:1:20:1:Infinity":0,"f:3:16:3:40":0,"s:4:14:4:24":1,"s:5:19:5:73":2,"s:6:2:6:Infinity":3,"f:9:16:9:Infinity":1,"s:13:15:13:35":4,"s:14:53:23:Infinity":5,"s:24:2:24:Infinity":6,"f:27:16:27:31":2,"s:28:17:28:35":7,"b:28:17:28:25:28:25:28:35":0,"s:29:22:38:4":8,"s:40:16:40:49":9,"s:41:8:42:Infinity":10,"f:41:8:41:15":3,"s:42:4:42:Infinity":11,"b:42:4:42:49:42:49:42:Infinity":1,"f:42:10:42:16":4,"s:42:22:42:38":12,"s:44:2:44:Infinity":13,"f:47:16:47:35":5,"s:48:15:48:35":14,"b:49:2:50:Infinity:undefined:undefined:undefined:undefined":2,"s:49:2:50:Infinity":15,"s:50:4:50:Infinity":16,"s:52:2:52:Infinity":17}}}
,"C:\\Development\\NUS-ISS\\AI-SDLC-Workshop-Day1n2\\lib\\utils\\progress.ts": {"path":"C:\\Development\\NUS-ISS\\AI-SDLC-Workshop-Day1n2\\lib\\utils\\progress.ts","statementMap":{"0":{"start":{"line":2,"column":2},"end":{"line":2,"column":null}},"1":{"start":{"line":2,"column":19},"end":{"line":2,"column":null}},"2":{"start":{"line":3,"column":2},"end":{"line":3,"column":null}}},"fnMap":{"0":{"name":"calculateProgress","decl":{"start":{"line":1,"column":16},"end":{"line":1,"column":34}},"loc":{"start":{"line":1,"column":76},"end":{"line":3,"column":null}},"line":1}},"branchMap":{"0":{"loc":{"start":{"line":2,"column":2},"end":{"line":2,"column":null}},"type":"if","locations":[{"start":{"line":2,"column":2},"end":{"line":2,"column":null}},{"start":{},"end":{}}],"line":2}},"s":{"0":6,"1":1,"2":5},"f":{"0":6},"b":{"0":[1,5]},"meta":{"lastBranch":1,"lastFunction":1,"lastStatement":3,"seen":{"f:1:16:1:34":0,"b:2:2:2:Infinity:undefined:undefined:undefined:undefined":0,"s:2:2:2:Infinity":0,"s:2:19:2:Infinity":1,"s:3:2:3:Infinity":2}}}
,"C:\\Development\\NUS-ISS\\AI-SDLC-Workshop-Day1n2\\lib\\utils\\sortTodos.ts": {"path":"C:\\Development\\NUS-ISS\\AI-SDLC-Workshop-Day1n2\\lib\\utils\\sortTodos.ts","statementMap":{"0":{"start":{"line":3,"column":47},"end":{"line":7,"column":null}},"1":{"start":{"line":16,"column":2},"end":{"line":26,"column":null}},"2":{"start":{"line":17,"column":15},"end":{"line":17,"column":null}},"3":{"start":{"line":18,"column":15},"end":{"line":18,"column":null}},"4":{"start":{"line":19,"column":18},"end":{"line":19,"column":null}},"5":{"start":{"line":20,"column":4},"end":{"line":20,"column":null}},"6":{"start":{"line":20,"column":21},"end":{"line":20,"column":null}},"7":{"start":{"line":22,"column":4},"end":{"line":22,"column":null}},"8":{"start":{"line":22,"column":36},"end":{"line":22,"column":null}},"9":{"start":{"line":23,"column":4},"end":{"line":23,"column":null}},"10":{"start":{"line":23,"column":21},"end":{"line":23,"column":null}},"11":{"start":{"line":24,"column":4},"end":{"line":24,"column":null}},"12":{"start":{"line":24,"column":21},"end":{"line":24,"column":null}},"13":{"start":{"line":25,"column":4},"end":{"line":25,"column":null}}},"fnMap":{"0":{"name":"sortByPriorityThenDueDate","decl":{"start":{"line":13,"column":16},"end":{"line":13,"column":null}},"loc":{"start":{"line":15,"column":7},"end":{"line":26,"column":null}},"line":15},"1":{"name":"(anonymous_1)","decl":{"start":{"line":16,"column":20},"end":{"line":16,"column":26}},"loc":{"start":{"line":16,"column":35},"end":{"line":26,"column":null}},"line":16}},"branchMap":{"0":{"loc":{"start":{"line":17,"column":15},"end":{"line":17,"column":null}},"type":"binary-expr","locations":[{"start":{"line":17,"column":15},"end":{"line":17,"column":45}},{"start":{"line":17,"column":45},"end":{"line":17,"column":null}}],"line":17},"1":{"loc":{"start":{"line":18,"column":15},"end":{"line":18,"column":null}},"type":"binary-expr","locations":[{"start":{"line":18,"column":15},"end":{"line":18,"column":45}},{"start":{"line":18,"column":45},"end":{"line":18,"column":null}}],"line":18},"2":{"loc":{"start":{"line":20,"column":4},"end":{"line":20,"column":null}},"type":"if","locations":[{"start":{"line":20,"column":4},"end":{"line":20,"column":null}},{"start":{},"end":{}}],"line":20},"3":{"loc":{"start":{"line":22,"column":4},"end":{"line":22,"column":null}},"type":"if","locations":[{"start":{"line":22,"column":4},"end":{"line":22,"column":null}},{"start":{},"end":{}}],"line":22},"4":{"loc":{"start":{"line":22,"column":8},"end":{"line":22,"column":36}},"type":"binary-expr","locations":[{"start":{"line":22,"column":8},"end":{"line":22,"column":23}},{"start":{"line":22,"column":23},"end":{"line":22,"column":36}}],"line":22},"5":{"loc":{"start":{"line":23,"column":4},"end":{"line":23,"column":null}},"type":"if","locations":[{"start":{"line":23,"column":4},"end":{"line":23,"column":null}},{"start":{},"end":{}}],"line":23},"6":{"loc":{"start":{"line":24,"column":4},"end":{"line":24,"column":null}},"type":"if","locations":[{"start":{"line":24,"column":4},"end":{"line":24,"column":null}},{"start":{},"end":{}}],"line":24}},"s":{"0":1,"1":6,"2":10,"3":10,"4":10,"5":10,"6":5,"7":5,"8":0,"9":5,"10":0,"11":5,"12":1,"13":4},"f":{"0":6,"1":10},"b":{"0":[10,0],"1":[10,0],"2":[5,5],"3":[0,5],"4":[5,0],"5":[0,5],"6":[1,4]},"meta":{"lastBranch":7,"lastFunction":2,"lastStatement":14,"seen":{"s:3:47:7:Infinity":0,"f:13:16:13:Infinity":0,"s:16:2:26:Infinity":1,"f:16:20:16:26":1,"s:17:15:17:Infinity":2,"b:17:15:17:45:17:45:17:Infinity":0,"s:18:15:18:Infinity":3,"b:18:15:18:45:18:45:18:Infinity":1,"s:19:18:19:Infinity":4,"b:20:4:20:Infinity:undefined:undefined:undefined:undefined":2,"s:20:4:20:Infinity":5,"s:20:21:20:Infinity":6,"b:22:4:22:Infinity:undefined:undefined:undefined:undefined":3,"s:22:4:22:Infinity":7,"b:22:8:22:23:22:23:22:36":4,"s:22:36:22:Infinity":8,"b:23:4:23:Infinity:undefined:undefined:undefined:undefined":5,"s:23:4:23:Infinity":9,"s:23:21:23:Infinity":10,"b:24:4:24:Infinity:undefined:undefined:undefined:undefined":6,"s:24:4:24:Infinity":11,"s:24:21:24:Infinity":12,"s:25:4:25:Infinity":13}}}
,"C:\\Development\\NUS-ISS\\AI-SDLC-Workshop-Day1n2\\lib\\validation\\import.ts": {"path":"C:\\Development\\NUS-ISS\\AI-SDLC-Workshop-Day1n2\\lib\\validation\\import.ts","statementMap":{"0":{"start":{"line":4,"column":2},"end":{"line":4,"column":null}},"1":{"start":{"line":4,"column":41},"end":{"line":4,"column":null}},"2":{"start":{"line":5,"column":12},"end":{"line":5,"column":null}},"3":{"start":{"line":7,"column":2},"end":{"line":8,"column":null}},"4":{"start":{"line":8,"column":4},"end":{"line":8,"column":null}},"5":{"start":{"line":10,"column":2},"end":{"line":11,"column":null}},"6":{"start":{"line":11,"column":4},"end":{"line":11,"column":null}},"7":{"start":{"line":13,"column":2},"end":{"line":14,"column":null}},"8":{"start":{"line":14,"column":4},"end":{"line":14,"column":null}},"9":{"start":{"line":16,"column":2},"end":{"line":17,"column":null}},"10":{"start":{"line":17,"column":4},"end":{"line":17,"column":null}},"11":{"start":{"line":20,"column":2},"end":{"line":20,"column":null}}},"fnMap":{"0":{"name":"validatePayload","decl":{"start":{"line":3,"column":16},"end":{"line":3,"column":32}},"loc":{"start":{"line":3,"column":70},"end":{"line":20,"column":null}},"line":3}},"branchMap":{"0":{"loc":{"start":{"line":4,"column":2},"end":{"line":4,"column":null}},"type":"if","locations":[{"start":{"line":4,"column":2},"end":{"line":4,"column":null}},{"start":{},"end":{}}],"line":4},"1":{"loc":{"start":{"line":4,"column":6},"end":{"line":4,"column":41}},"type":"binary-expr","locations":[{"start":{"line":4,"column":6},"end":{"line":4,"column":15}},{"start":{"line":4,"column":15},"end":{"line":4,"column":41}}],"line":4},"2":{"loc":{"start":{"line":7,"column":2},"end":{"line":8,"column":null}},"type":"if","locations":[{"start":{"line":7,"column":2},"end":{"line":8,"column":null}},{"start":{},"end":{}}],"line":7},"3":{"loc":{"start":{"line":10,"column":2},"end":{"line":11,"column":null}},"type":"if","locations":[{"start":{"line":10,"column":2},"end":{"line":11,"column":null}},{"start":{},"end":{}}],"line":10},"4":{"loc":{"start":{"line":13,"column":2},"end":{"line":14,"column":null}},"type":"if","locations":[{"start":{"line":13,"column":2},"end":{"line":14,"column":null}},{"start":{},"end":{}}],"line":13},"5":{"loc":{"start":{"line":16,"column":2},"end":{"line":17,"column":null}},"type":"if","locations":[{"start":{"line":16,"column":2},"end":{"line":17,"column":null}},{"start":{},"end":{}}],"line":16}},"s":{"0":9,"1":2,"2":7,"3":7,"4":1,"5":6,"6":1,"7":5,"8":1,"9":4,"10":2,"11":2},"f":{"0":9},"b":{"0":[2,7],"1":[9,8],"2":[1,6],"3":[1,5],"4":[1,4],"5":[2,2]},"meta":{"lastBranch":6,"lastFunction":1,"lastStatement":12,"seen":{"f:3:16:3:32":0,"b:4:2:4:Infinity:undefined:undefined:undefined:undefined":0,"s:4:2:4:Infinity":0,"b:4:6:4:15:4:15:4:41":1,"s:4:41:4:Infinity":1,"s:5:12:5:Infinity":2,"b:7:2:8:Infinity:undefined:undefined:undefined:undefined":2,"s:7:2:8:Infinity":3,"s:8:4:8:Infinity":4,"b:10:2:11:Infinity:undefined:undefined:undefined:undefined":3,"s:10:2:11:Infinity":5,"s:11:4:11:Infinity":6,"b:13:2:14:Infinity:undefined:undefined:undefined:undefined":4,"s:13:2:14:Infinity":7,"s:14:4:14:Infinity":8,"b:16:2:17:Infinity:undefined:undefined:undefined:undefined":5,"s:16:2:17:Infinity":9,"s:17:4:17:Infinity":10,"s:20:2:20:Infinity":11}}}
}
